-----------------
CREATE TABLE IF NOT EXISTS `jos_aicontactsafe_config` (
  `id` int(11) unsigned NOT NULL COMMENT 'config id',
  `config_key` varchar(50) NOT NULL DEFAULT '' COMMENT 'the key of the config variable',
  `config_value` text NOT NULL COMMENT 'the value of the config variable'
) ENGINE=MyISAM AUTO_INCREMENT=23  COMMENT='Configuration table of aiContactSafe' DEFAULT CHARSET=utf8mb4
-----------------
CREATE TABLE IF NOT EXISTS `jos_aicontactsafe_config` (
  `id` int(11) unsigned NOT NULL COMMENT 'config id',
  `config_key` varchar(50) NOT NULL DEFAULT '' COMMENT 'the key of the config variable',
  `config_value` text NOT NULL COMMENT 'the value of the config variable'
) ENGINE=MyISAM AUTO_INCREMENT=23  COMMENT='Configuration table of aiContactSafe' DEFAULT CHARSET=utf8mb4
-----------------
CREATE ALGORITHM=UNDEFINED DEFINER=`reghost_base`@`localhost` SQL SECURITY DEFINER VIEW `jos_jf_languages` AS select `l`.`lang_id` AS `lang_id`,`l`.`lang_code` AS `lang_code`,`l`.`title` AS `title`,`l`.`title_native` AS `title_native`,`l`.`sef` AS `sef`,`l`.`description` AS `description`,`l`.`published` AS `published`,`l`.`image` AS `image`,`lext`.`image_ext` AS `image_ext`,`lext`.`fallback_code` AS `fallback_code`,`lext`.`params` AS `params`,`lext`.`ordering` AS `ordering` from (`jos_languages` `l` left join `jos_jf_languages_ext` `lext` on((`l`.`lang_id` = `lext`.`lang_id`))) order by `lext`.`ordering`
-----------------
INSERT INTO `jos_aicontactsafe_config` (`id`, `config_key`, `config_value`) VALUES
(1, 'use_css_backend', '1'),
(2, 'activate_help', '1'),
(3, 'date_format', '%d %B %Y %H:%M'),
(4, 'editbox_cols', '40'),
(5, 'editbox_rows', '10'),
(6, 'default_name', ''),
(7, 'default_email', ''),
(8, 'default_subject', ''),
(9, 'activate_spam_control', '0'),
(10, 'block_words', 'url='),
(11, 'record_blocked_messages', '1'),
(12, 'activate_ip_ban', '0'),
(13, 'ban_ips', ''),
(14, 'redirect_ips', ''),
(15, 'ban_ips_blocked_words', '0'),
(16, 'maximum_messages_ban_ip', '0'),
(17, 'maximum_minutes_ban_ip', '0'),
(18, 'email_ban_ip', ''),
(19, 'upload_attachments', 'components/com_aicontactsafe/attachments'),
(20, 'maximum_size', '5000000'),
(21, 'attachments_types', 'rar,zip,doc,xls,txt,gif,jpg,png,bmp'),
(22, 'attach_to_email', '1')
-----------------
INSERT INTO `jos_aicontactsafe_config` (`id`, `config_key`, `config_value`) VALUES
(1, 'use_css_backend', '1'),
(2, 'activate_help', '1'),
(3, 'date_format', '%d %B %Y %H:%M'),
(4, 'editbox_cols', '40'),
(5, 'editbox_rows', '10'),
(6, 'default_name', ''),
(7, 'default_email', ''),
(8, 'default_subject', ''),
(9, 'activate_spam_control', '0'),
(10, 'block_words', 'url='),
(11, 'record_blocked_messages', '1'),
(12, 'activate_ip_ban', '0'),
(13, 'ban_ips', ''),
(14, 'redirect_ips', ''),
(15, 'ban_ips_blocked_words', '0'),
(16, 'maximum_messages_ban_ip', '0'),
(17, 'maximum_minutes_ban_ip', '0'),
(18, 'email_ban_ip', ''),
(19, 'upload_attachments', 'components/com_aicontactsafe/attachments'),
(20, 'maximum_size', '5000000'),
(21, 'attachments_types', 'rar,zip,doc,xls,txt,gif,jpg,png,bmp'),
(22, 'attach_to_email', '1')
-----------------
CREATE ALGORITHM=UNDEFINED DEFINER=`reghost_base`@`localhost` SQL SECURITY DEFINER VIEW `jos_jf_languages` AS select `l`.`lang_id` AS `lang_id`,`l`.`lang_code` AS `lang_code`,`l`.`title` AS `title`,`l`.`title_native` AS `title_native`,`l`.`sef` AS `sef`,`l`.`description` AS `description`,`l`.`published` AS `published`,`l`.`image` AS `image`,`lext`.`image_ext` AS `image_ext`,`lext`.`fallback_code` AS `fallback_code`,`lext`.`params` AS `params`,`lext`.`ordering` AS `ordering` from (`jos_languages` `l` left join `jos_jf_languages_ext` `lext` on((`l`.`lang_id` = `lext`.`lang_id`))) order by `lext`.`ordering`
